<?xml version="1.0" encoding="UTF-8"?>
<!-- Generated by org.testng.reporters.JUnitReportReporter -->
<testsuite hostname="IN-BS8DMC2" failures="0" tests="4" name="api.BookingAPI.BookingApiTest" time="25.218" errors="0" timestamp="2024-10-11T19:58:06 IST" skipped="0">
  <testcase classname="api.BookingAPI.BookingApiTest" name="createBooking" time="7.843"/>
  <system-out/>
  <testcase classname="api.BookingAPI.BookingApiTest" name="getAllBookingID" time="2.755"/>
  <system-out/>
  <testcase classname="api.BookingAPI.BookingApiTest" name="updateBooking" time="7.604"/>
  <system-out/>
  <testcase classname="api.BookingAPI.BookingApiTest" name="updatePartialBooking" time="7.016"/>
  <system-out/>
</testsuite> <!-- api.BookingAPI.BookingApiTest -->
