<?xml version="1.0" encoding="UTF-8"?>
<!-- Generated by org.testng.reporters.JUnitReportReporter -->
<testsuite hostname="IN-BS8DMC2" failures="0" tests="4" name="api.BookingAPI.BookingApiTest" time="28.005" errors="0" timestamp="2024-06-19T19:25:57 IST" skipped="0">
  <testcase classname="api.BookingAPI.BookingApiTest" name="createBooking" time="9.107"/>
  <system-out/>
  <testcase classname="api.BookingAPI.BookingApiTest" name="updatePartialBooking" time="7.288"/>
  <system-out/>
  <testcase classname="api.BookingAPI.BookingApiTest" name="updateBooking" time="7.569"/>
  <system-out/>
  <testcase classname="api.BookingAPI.BookingApiTest" name="getAllBookingID" time="4.041"/>
  <system-out/>
</testsuite> <!-- api.BookingAPI.BookingApiTest -->
