<?xml version="1.0" encoding="UTF-8"?>
<!-- Generated by org.testng.reporters.JUnitReportReporter -->
<testsuite hostname="IN-BS8DMC2" failures="0" tests="4" name="api.BookingAPI.BookingApiTest" time="25.341" errors="0" timestamp="2024-10-06T17:11:25 IST" skipped="0">
  <testcase classname="api.BookingAPI.BookingApiTest" name="createBooking" time="8.080"/>
  <system-out/>
  <testcase classname="api.BookingAPI.BookingApiTest" name="updateBooking" time="6.883"/>
  <system-out/>
  <testcase classname="api.BookingAPI.BookingApiTest" name="updatePartialBooking" time="6.962"/>
  <system-out/>
  <testcase classname="api.BookingAPI.BookingApiTest" name="getAllBookingID" time="3.416"/>
  <system-out/>
</testsuite> <!-- api.BookingAPI.BookingApiTest -->
